#
# There is insufficient memory for the Java Runtime Environment to continue.
# Native memory allocation (mmap) failed to map 65536 bytes for Failed to commit metaspace.
# Possible reasons:
#   The system is out of physical RAM or swap space
#   The process is running with CompressedOops enabled, and the Java Heap may be blocking the growth of the native heap
# Possible solutions:
#   Reduce memory load on the system
#   Increase physical memory or swap space
#   Check if swap backing store is full
#   Decrease Java heap size (-Xmx/-Xms)
#   Decrease number of Java threads
#   Decrease Java thread stack sizes (-Xss)
#   Set larger code cache with -XX:ReservedCodeCacheSize=
#   JVM is running with Unscaled Compressed Oops mode in which the Java heap is
#     placed in the first 4GB address space. The Java Heap base address is the
#     maximum limit for the native heap growth. Please use -XX:HeapBaseMinAddress
#     to set the Java Heap base and to place the Java Heap above 4GB virtual address.
# This output file may be truncated or incomplete.
#
#  Out of Memory Error (virtualSpaceNode.cpp:110), pid=21056, tid=20004
#
# JRE version: Java(TM) SE Runtime Environment (17.0.8+9) (build 17.0.8+9-LTS-211)
# Java VM: Java HotSpot(TM) 64-Bit Server VM (17.0.8+9-LTS-211, mixed mode, emulated-client, sharing, tiered, compressed oops, compressed class ptrs, g1 gc, windows-amd64)
# No core dump will be written. Minidumps are not enabled by default on client versions of Windows
#

---------------  S U M M A R Y ------------

Command Line: -XX:TieredStopAtLevel=1 -Dspring.output.ansi.enabled=always -Dcom.sun.management.jmxremote -Dspring.jmx.enabled=true -Dspring.liveBeansView.mbeanDomain -Dspring.application.admin.enabled=true -Dmanagement.endpoints.jmx.exposure.include=* -javaagent:C:\Program Files\JetBrains\IntelliJ IDEA 2023.2.3\lib\idea_rt.jar=50092:C:\Program Files\JetBrains\IntelliJ IDEA 2023.2.3\bin -Dfile.encoding=UTF-8 com.example.cosmetic_springboot_api.CosmeticSpringbootApiApplication

Host: 11th Gen Intel(R) Core(TM) i5-1135G7 @ 2.40GHz, 8 cores, 7G,  Windows 11 , 64 bit Build 22621 (10.0.22621.3527)
Time: Fri May 17 08:02:39 2024 SE Asia Standard Time elapsed time: 164.670462 seconds (0d 0h 2m 44s)

---------------  T H R E A D  ---------------

Current thread (0x00000233ebe099f0):  JavaThread "http-nio-8080-exec-7" daemon [_thread_in_vm, id=20004, stack(0x000000dc41700000,0x000000dc41800000)]

Stack: [0x000000dc41700000,0x000000dc41800000]
Native frames: (J=compiled Java code, j=interpreted, Vv=VM code, C=native code)
V  [jvm.dll+0x677d0a]
V  [jvm.dll+0x7d8c54]
V  [jvm.dll+0x7da3fe]
V  [jvm.dll+0x7daa63]
V  [jvm.dll+0x245c5f]
V  [jvm.dll+0x7d4d5b]
V  [jvm.dll+0x61dcf6]
V  [jvm.dll+0x1c0127]
V  [jvm.dll+0x620650]
V  [jvm.dll+0x61e6b6]
V  [jvm.dll+0x62f459]
V  [jvm.dll+0x628774]
V  [jvm.dll+0x37e0b1]
C  0x000002339a47c294

Java frames: (J=compiled Java code, j=interpreted, Vv=VM code)
j  org.hibernate.event.internal.FlushVisitor.processCollection(Ljava/lang/Object;Lorg/hibernate/type/CollectionType;)Ljava/lang/Object;+0
j  org.hibernate.event.internal.AbstractVisitor.processValue(Ljava/lang/Object;Lorg/hibernate/type/Type;)Ljava/lang/Object;+15
j  org.hibernate.event.internal.AbstractVisitor.processValue(I[Ljava/lang/Object;[Lorg/hibernate/type/Type;)V+7
j  org.hibernate.event.internal.AbstractVisitor.processEntityPropertyValues([Ljava/lang/Object;[Lorg/hibernate/type/Type;)V+21
j  org.hibernate.event.internal.DefaultFlushEntityEventListener.onFlushEntity(Lorg/hibernate/event/spi/FlushEntityEvent;)V+146
j  org.hibernate.event.internal.AbstractFlushingEventListener$$Lambda$1755+0x00000233a6b5dfe8.accept(Ljava/lang/Object;Ljava/lang/Object;)V+8
j  org.hibernate.event.service.internal.EventListenerGroupImpl.fireEventOnEachListener(Ljava/lang/Object;Ljava/util/function/BiConsumer;)V+25
j  org.hibernate.event.internal.AbstractFlushingEventListener.flushEntities(Lorg/hibernate/event/spi/FlushEvent;Lorg/hibernate/engine/spi/PersistenceContext;)I+150
j  org.hibernate.event.internal.AbstractFlushingEventListener.flushEverythingToExecutions(Lorg/hibernate/event/spi/FlushEvent;)V+60
j  org.hibernate.event.internal.DefaultFlushEventListener.onFlush(Lorg/hibernate/event/spi/FlushEvent;)V+60
j  org.hibernate.internal.SessionImpl$$Lambda$1753+0x00000233a6b5ce10.accept(Ljava/lang/Object;Ljava/lang/Object;)V+8
j  org.hibernate.event.service.internal.EventListenerGroupImpl.fireEventOnEachListener(Ljava/lang/Object;Ljava/util/function/BiConsumer;)V+25
j  org.hibernate.internal.SessionImpl.doFlush()V+51
j  org.hibernate.internal.SessionImpl.managedFlush()V+36
j  org.hibernate.internal.SessionImpl.flushBeforeTransactionCompletion()V+8
j  org.hibernate.internal.SessionImpl.beforeTransactionCompletion()V+12
j  org.hibernate.engine.jdbc.internal.JdbcCoordinatorImpl.beforeTransactionCompletion()V+4
j  org.hibernate.resource.transaction.backend.jdbc.internal.JdbcResourceLocalTransactionCoordinatorImpl.beforeCompletionCallback()V+14
j  org.hibernate.resource.transaction.backend.jdbc.internal.JdbcResourceLocalTransactionCoordinatorImpl$TransactionDriverControlImpl.commit()V+78
j  org.hibernate.engine.transaction.internal.TransactionImpl.commit()V+30
j  org.springframework.orm.jpa.JpaTransactionManager.doCommit(Lorg/springframework/transaction/support/DefaultTransactionStatus;)V+50
j  org.springframework.transaction.support.AbstractPlatformTransactionManager.processCommit(Lorg/springframework/transaction/support/DefaultTransactionStatus;)V+131
j  org.springframework.transaction.support.AbstractPlatformTransactionManager.commit(Lorg/springframework/transaction/TransactionStatus;)V+100
j  org.springframework.transaction.interceptor.TransactionAspectSupport.commitTransactionAfterReturning(Lorg/springframework/transaction/interceptor/TransactionAspectSupport$TransactionInfo;)V+49
j  org.springframework.transaction.interceptor.TransactionAspectSupport.invokeWithinTransaction(Ljava/lang/reflect/Method;Ljava/lang/Class;Lorg/springframework/transaction/interceptor/TransactionAspectSupport$InvocationCallback;)Ljava/lang/Object;+416
j  org.springframework.transaction.interceptor.TransactionInterceptor.invoke(Lorg/aopalliance/intercept/MethodInvocation;)Ljava/lang/Object;+40
j  org.springframework.aop.framework.ReflectiveMethodInvocation.proceed()Ljava/lang/Object;+120
j  org.springframework.dao.support.PersistenceExceptionTranslationInterceptor.invoke(Lorg/aopalliance/intercept/MethodInvocation;)Ljava/lang/Object;+1
j  org.springframework.aop.framework.ReflectiveMethodInvocation.proceed()Ljava/lang/Object;+120
j  org.springframework.data.jpa.repository.support.CrudMethodMetadataPostProcessor$CrudMethodMetadataPopulatingMethodInterceptor.invoke(Lorg/aopalliance/intercept/MethodInvocation;)Ljava/lang/Object;+139
j  org.springframework.aop.framework.ReflectiveMethodInvocation.proceed()Ljava/lang/Object;+120
j  org.springframework.aop.interceptor.ExposeInvocationInterceptor.invoke(Lorg/aopalliance/intercept/MethodInvocation;)Ljava/lang/Object;+18
j  org.springframework.aop.framework.ReflectiveMethodInvocation.proceed()Ljava/lang/Object;+120
j  org.springframework.aop.framework.JdkDynamicAopProxy.invoke(Ljava/lang/Object;Ljava/lang/reflect/Method;[Ljava/lang/Object;)Ljava/lang/Object;+392
j  jdk.proxy4.$Proxy124.save(Ljava/lang/Object;)Ljava/lang/Object;+16 jdk.proxy4
j  com.example.cosmetic_springboot_api.Service.ServiceImplement.UsersServiceImpl.registerUser(Lcom/example/cosmetic_springboot_api/Dto/UsersDto;)Lcom/example/cosmetic_springboot_api/Response/UsersResponse;+78
j  com.example.cosmetic_springboot_api.Controller.AuthController.addUsers(Lcom/example/cosmetic_springboot_api/Dto/UsersDto;Lorg/springframework/validation/BindingResult;)Lorg/springframework/http/ResponseEntity;+23
v  ~StubRoutines::call_stub
J 4254  jdk.internal.reflect.NativeMethodAccessorImpl.invoke0(Ljava/lang/reflect/Method;Ljava/lang/Object;[Ljava/lang/Object;)Ljava/lang/Object; java.base@17.0.8 (0 bytes) @ 0x000002339adb4227 [0x000002339adb41a0+0x0000000000000087]
J 4253 c1 jdk.internal.reflect.NativeMethodAccessorImpl.invoke(Ljava/lang/Object;[Ljava/lang/Object;)Ljava/lang/Object; java.base@17.0.8 (137 bytes) @ 0x000002339adb4a14 [0x000002339adb4700+0x0000000000000314]
J 3952 c1 jdk.internal.reflect.DelegatingMethodAccessorImpl.invoke(Ljava/lang/Object;[Ljava/lang/Object;)Ljava/lang/Object; java.base@17.0.8 (10 bytes) @ 0x000002339ad48364 [0x000002339ad48320+0x0000000000000044]
J 3967 c1 java.lang.reflect.Method.invoke(Ljava/lang/Object;[Ljava/lang/Object;)Ljava/lang/Object; java.base@17.0.8 (65 bytes) @ 0x000002339ad4cae4 [0x000002339ad4c9e0+0x0000000000000104]
j  org.springframework.web.method.support.InvocableHandlerMethod.doInvoke([Ljava/lang/Object;)Ljava/lang/Object;+55
j  org.springframework.web.method.support.InvocableHandlerMethod.invokeForRequest(Lorg/springframework/web/context/request/NativeWebRequest;Lorg/springframework/web/method/support/ModelAndViewContainer;[Ljava/lang/Object;)Ljava/lang/Object;+82
j  org.springframework.web.servlet.mvc.method.annotation.ServletInvocableHandlerMethod.invokeAndHandle(Lorg/springframework/web/context/request/ServletWebRequest;Lorg/springframework/web/method/support/ModelAndViewContainer;[Ljava/lang/Object;)V+4
j  org.springframework.web.servlet.mvc.method.annotation.RequestMappingHandlerAdapter.invokeHandlerMethod(Ljakarta/servlet/http/HttpServletRequest;Ljakarta/servlet/http/HttpServletResponse;Lorg/springframework/web/method/HandlerMethod;)Lorg/springframework/web/servlet/ModelAndView;+309
j  org.springframework.web.servlet.mvc.method.annotation.RequestMappingHandlerAdapter.handleInternal(Ljakarta/servlet/http/HttpServletRequest;Ljakarta/servlet/http/HttpServletResponse;Lorg/springframework/web/method/HandlerMethod;)Lorg/springframework/web/servlet/ModelAndView;+81
j  org.springframework.web.servlet.mvc.method.AbstractHandlerMethodAdapter.handle(Ljakarta/servlet/http/HttpServletRequest;Ljakarta/servlet/http/HttpServletResponse;Ljava/lang/Object;)Lorg/springframework/web/servlet/ModelAndView;+7
j  org.springframework.web.servlet.DispatcherServlet.doDispatch(Ljakarta/servlet/http/HttpServletRequest;Ljakarta/servlet/http/HttpServletResponse;)V+259
j  org.springframework.web.servlet.DispatcherServlet.doService(Ljakarta/servlet/http/HttpServletRequest;Ljakarta/servlet/http/HttpServletResponse;)V+242
j  org.springframework.web.servlet.FrameworkServlet.processRequest(Ljakarta/servlet/http/HttpServletRequest;Ljakarta/servlet/http/HttpServletResponse;)V+70
j  org.springframework.web.servlet.FrameworkServlet.doPost(Ljakarta/servlet/http/HttpServletRequest;Ljakarta/servlet/http/HttpServletResponse;)V+3
j  jakarta.servlet.http.HttpServlet.service(Ljakarta/servlet/http/HttpServletRequest;Ljakarta/servlet/http/HttpServletResponse;)V+150
j  org.springframework.web.servlet.FrameworkServlet.service(Ljakarta/servlet/http/HttpServletRequest;Ljakarta/servlet/http/HttpServletResponse;)V+20
j  jakarta.servlet.http.HttpServlet.service(Ljakarta/servlet/ServletRequest;Ljakarta/servlet/ServletResponse;)V+37
j  org.apache.catalina.core.ApplicationFilterChain.internalDoFilter(Ljakarta/servlet/ServletRequest;Ljakarta/servlet/ServletResponse;)V+305
j  org.apache.catalina.core.ApplicationFilterChain.doFilter(Ljakarta/servlet/ServletRequest;Ljakarta/servlet/ServletResponse;)V+99
j  org.apache.tomcat.websocket.server.WsFilter.doFilter(Ljakarta/servlet/ServletRequest;Ljakarta/servlet/ServletResponse;Ljakarta/servlet/FilterChain;)V+21
j  org.apache.catalina.core.ApplicationFilterChain.internalDoFilter(Ljakarta/servlet/ServletRequest;Ljakarta/servlet/ServletResponse;)V+135
j  org.apache.catalina.core.ApplicationFilterChain.doFilter(Ljakarta/servlet/ServletRequest;Ljakarta/servlet/ServletResponse;)V+99
j  org.springframework.web.filter.OncePerRequestFilter.doFilter(Ljakarta/servlet/ServletRequest;Ljakarta/servlet/ServletResponse;Ljakarta/servlet/FilterChain;)V+125
j  org.apache.catalina.core.ApplicationFilterChain.internalDoFilter(Ljakarta/servlet/ServletRequest;Ljakarta/servlet/ServletResponse;)V+135
j  org.apache.catalina.core.ApplicationFilterChain.doFilter(Ljakarta/servlet/ServletRequest;Ljakarta/servlet/ServletResponse;)V+99
j  org.springframework.web.filter.CompositeFilter$VirtualFilterChain.doFilter(Ljakarta/servlet/ServletRequest;Ljakarta/servlet/ServletResponse;)V+22
j  org.springframework.security.web.FilterChainProxy.lambda$doFilterInternal$3(Lorg/springframework/security/web/firewall/FirewalledRequest;Ljakarta/servlet/FilterChain;Ljakarta/servlet/ServletRequest;Ljakarta/servlet/ServletResponse;)V+35
j  org.springframework.security.web.FilterChainProxy$$Lambda$1633+0x00000233a6ac5ee0.doFilter(Ljakarta/servlet/ServletRequest;Ljakarta/servlet/ServletResponse;)V+10
j  org.springframework.security.web.FilterChainProxy$VirtualFilterChain.doFilter(Ljakarta/servlet/ServletRequest;Ljakarta/servlet/ServletResponse;)V+17
j  org.springframework.security.web.access.intercept.AuthorizationFilter.doFilter(Ljakarta/servlet/ServletRequest;Ljakarta/servlet/ServletResponse;Ljakarta/servlet/FilterChain;)V+143
j  org.springframework.security.web.FilterChainProxy$VirtualFilterChain.doFilter(Ljakarta/servlet/ServletRequest;Ljakarta/servlet/ServletResponse;)V+105
j  org.springframework.security.web.access.ExceptionTranslationFilter.doFilter(Ljakarta/servlet/http/HttpServletRequest;Ljakarta/servlet/http/HttpServletResponse;Ljakarta/servlet/FilterChain;)V+3
j  org.springframework.security.web.access.ExceptionTranslationFilter.doFilter(Ljakarta/servlet/ServletRequest;Ljakarta/servlet/ServletResponse;Ljakarta/servlet/FilterChain;)V+10
j  org.springframework.security.web.FilterChainProxy$VirtualFilterChain.doFilter(Ljakarta/servlet/ServletRequest;Ljakarta/servlet/ServletResponse;)V+105
j  org.springframework.security.web.authentication.AnonymousAuthenticationFilter.doFilter(Ljakarta/servlet/ServletRequest;Ljakarta/servlet/ServletResponse;Ljakarta/servlet/FilterChain;)V+33
j  org.springframework.security.web.FilterChainProxy$VirtualFilterChain.doFilter(Ljakarta/servlet/ServletRequest;Ljakarta/servlet/ServletResponse;)V+105
j  org.springframework.security.web.servletapi.SecurityContextHolderAwareRequestFilter.doFilter(Ljakarta/servlet/ServletRequest;Ljakarta/servlet/ServletResponse;Ljakarta/servlet/FilterChain;)V+19
j  org.springframework.security.web.FilterChainProxy$VirtualFilterChain.doFilter(Ljakarta/servlet/ServletRequest;Ljakarta/servlet/ServletResponse;)V+105
j  org.springframework.security.web.savedrequest.RequestCacheAwareFilter.doFilter(Ljakarta/servlet/ServletRequest;Ljakarta/servlet/ServletResponse;Ljakarta/servlet/FilterChain;)V+32
j  org.springframework.security.web.FilterChainProxy$VirtualFilterChain.doFilter(Ljakarta/servlet/ServletRequest;Ljakarta/servlet/ServletResponse;)V+105
j  com.example.cosmetic_springboot_api.Filter.JwtTokenFilter.doFilterInternal(Ljakarta/servlet/http/HttpServletRequest;Ljakarta/servlet/http/HttpServletResponse;Ljakarta/servlet/FilterChain;)V+28
j  org.springframework.web.filter.OncePerRequestFilter.doFilter(Ljakarta/servlet/ServletRequest;Ljakarta/servlet/ServletResponse;Ljakarta/servlet/FilterChain;)V+150
j  org.springframework.security.web.FilterChainProxy$VirtualFilterChain.doFilter(Ljakarta/servlet/ServletRequest;Ljakarta/servlet/ServletResponse;)V+105
j  org.springframework.security.web.authentication.logout.LogoutFilter.doFilter(Ljakarta/servlet/http/HttpServletRequest;Ljakarta/servlet/http/HttpServletResponse;Ljakarta/servlet/FilterChain;)V+83
j  org.springframework.security.web.authentication.logout.LogoutFilter.doFilter(Ljakarta/servlet/ServletRequest;Ljakarta/servlet/ServletResponse;Ljakarta/servlet/FilterChain;)V+10
j  org.springframework.security.web.FilterChainProxy$VirtualFilterChain.doFilter(Ljakarta/servlet/ServletRequest;Ljakarta/servlet/ServletResponse;)V+105
j  org.springframework.web.filter.CorsFilter.doFilterInternal(Ljakarta/servlet/http/HttpServletRequest;Ljakarta/servlet/http/HttpServletResponse;Ljakarta/servlet/FilterChain;)V+43
j  org.springframework.web.filter.OncePerRequestFilter.doFilter(Ljakarta/servlet/ServletRequest;Ljakarta/servlet/ServletResponse;Ljakarta/servlet/FilterChain;)V+150
j  org.springframework.security.web.FilterChainProxy$VirtualFilterChain.doFilter(Ljakarta/servlet/ServletRequest;Ljakarta/servlet/ServletResponse;)V+105
j  org.springframework.security.web.header.HeaderWriterFilter.doHeadersAfter(Ljakarta/servlet/http/HttpServletRequest;Ljakarta/servlet/http/HttpServletResponse;Ljakarta/servlet/FilterChain;)V+29
j  org.springframework.security.web.header.HeaderWriterFilter.doFilterInternal(Ljakarta/servlet/http/HttpServletRequest;Ljakarta/servlet/http/HttpServletResponse;Ljakarta/servlet/FilterChain;)V+21
j  org.springframework.web.filter.OncePerRequestFilter.doFilter(Ljakarta/servlet/ServletRequest;Ljakarta/servlet/ServletResponse;Ljakarta/servlet/FilterChain;)V+150
j  org.springframework.security.web.FilterChainProxy$VirtualFilterChain.doFilter(Ljakarta/servlet/ServletRequest;Ljakarta/servlet/ServletResponse;)V+105
j  org.springframework.security.web.context.SecurityContextHolderFilter.doFilter(Ljakarta/servlet/http/HttpServletRequest;Ljakarta/servlet/http/HttpServletResponse;Ljakarta/servlet/FilterChain;)V+59
j  org.springframework.security.web.context.SecurityContextHolderFilter.doFilter(Ljakarta/servlet/ServletRequest;Ljakarta/servlet/ServletResponse;Ljakarta/servlet/FilterChain;)V+10
j  org.springframework.security.web.FilterChainProxy$VirtualFilterChain.doFilter(Ljakarta/servlet/ServletRequest;Ljakarta/servlet/ServletResponse;)V+105
j  org.springframework.security.web.context.request.async.WebAsyncManagerIntegrationFilter.doFilterInternal(Ljakarta/servlet/http/HttpServletRequest;Ljakarta/servlet/http/HttpServletResponse;Ljakarta/servlet/FilterChain;)V+55
j  org.springframework.web.filter.OncePerRequestFilter.doFilter(Ljakarta/servlet/ServletRequest;Ljakarta/servlet/ServletResponse;Ljakarta/servlet/FilterChain;)V+150
j  org.springframework.security.web.FilterChainProxy$VirtualFilterChain.doFilter(Ljakarta/servlet/ServletRequest;Ljakarta/servlet/ServletResponse;)V+105
j  org.springframework.security.web.session.DisableEncodeUrlFilter.doFilterInternal(Ljakarta/servlet/http/HttpServletRequest;Ljakarta/servlet/http/HttpServletResponse;Ljakarta/servlet/FilterChain;)V+10
j  org.springframework.web.filter.OncePerRequestFilter.doFilter(Ljakarta/servlet/ServletRequest;Ljakarta/servlet/ServletResponse;Ljakarta/servlet/FilterChain;)V+150
j  org.springframework.security.web.FilterChainProxy$VirtualFilterChain.doFilter(Ljakarta/servlet/ServletRequest;Ljakarta/servlet/ServletResponse;)V+105
j  org.springframework.security.web.FilterChainProxy.doFilterInternal(Ljakarta/servlet/ServletRequest;Ljakarta/servlet/ServletResponse;Ljakarta/servlet/FilterChain;)V+163
j  org.springframework.security.web.FilterChainProxy.doFilter(Ljakarta/servlet/ServletRequest;Ljakarta/servlet/ServletResponse;Ljakarta/servlet/FilterChain;)V+48
j  org.springframework.web.filter.CompositeFilter$VirtualFilterChain.doFilter(Ljakarta/servlet/ServletRequest;Ljakarta/servlet/ServletResponse;)V+63
j  org.springframework.web.servlet.handler.HandlerMappingIntrospector.lambda$createCacheFilter$3(Ljakarta/servlet/ServletRequest;Ljakarta/servlet/ServletResponse;Ljakarta/servlet/FilterChain;)V+13
j  org.springframework.web.servlet.handler.HandlerMappingIntrospector$$Lambda$1529+0x00000233a6a66408.doFilter(Ljakarta/servlet/ServletRequest;Ljakarta/servlet/ServletResponse;Ljakarta/servlet/FilterChain;)V+7
j  org.springframework.web.filter.CompositeFilter$VirtualFilterChain.doFilter(Ljakarta/servlet/ServletRequest;Ljakarta/servlet/ServletResponse;)V+63
j  org.springframework.web.filter.CompositeFilter.doFilter(Ljakarta/servlet/ServletRequest;Ljakarta/servlet/ServletResponse;Ljakarta/servlet/FilterChain;)V+14
j  org.springframework.security.config.annotation.web.configuration.WebMvcSecurityConfiguration$CompositeFilterChainProxy.doFilter(Ljakarta/servlet/ServletRequest;Ljakarta/servlet/ServletResponse;Ljakarta/servlet/FilterChain;)V+7
j  org.springframework.web.filter.DelegatingFilterProxy.invokeDelegate(Ljakarta/servlet/Filter;Ljakarta/servlet/ServletRequest;Ljakarta/servlet/ServletResponse;Ljakarta/servlet/FilterChain;)V+5
j  org.springframework.web.filter.DelegatingFilterProxy.doFilter(Ljakarta/servlet/ServletRequest;Ljakarta/servlet/ServletResponse;Ljakarta/servlet/FilterChain;)V+85
j  org.apache.catalina.core.ApplicationFilterChain.internalDoFilter(Ljakarta/servlet/ServletRequest;Ljakarta/servlet/ServletResponse;)V+135
j  org.apache.catalina.core.ApplicationFilterChain.doFilter(Ljakarta/servlet/ServletRequest;Ljakarta/servlet/ServletResponse;)V+99
j  org.springframework.web.filter.RequestContextFilter.doFilterInternal(Ljakarta/servlet/http/HttpServletRequest;Ljakarta/servlet/http/HttpServletResponse;Ljakarta/servlet/FilterChain;)V+21
j  org.springframework.web.filter.OncePerRequestFilter.doFilter(Ljakarta/servlet/ServletRequest;Ljakarta/servlet/ServletResponse;Ljakarta/servlet/FilterChain;)V+150
j  org.apache.catalina.core.ApplicationFilterChain.internalDoFilter(Ljakarta/servlet/ServletRequest;Ljakarta/servlet/ServletResponse;)V+135
j  org.apache.catalina.core.ApplicationFilterChain.doFilter(Ljakarta/servlet/ServletRequest;Ljakarta/servlet/ServletResponse;)V+99
j  org.springframework.web.filter.FormContentFilter.doFilterInternal(Ljakarta/servlet/http/HttpServletRequest;Ljakarta/servlet/http/HttpServletResponse;Ljakarta/servlet/FilterChain;)V+38
j  org.springframework.web.filter.OncePerRequestFilter.doFilter(Ljakarta/servlet/ServletRequest;Ljakarta/servlet/ServletResponse;Ljakarta/servlet/FilterChain;)V+150
j  org.apache.catalina.core.ApplicationFilterChain.internalDoFilter(Ljakarta/servlet/ServletRequest;Ljakarta/servlet/ServletResponse;)V+135
j  org.apache.catalina.core.ApplicationFilterChain.doFilter(Ljakarta/servlet/ServletRequest;Ljakarta/servlet/ServletResponse;)V+99
j  org.springframework.web.filter.CharacterEncodingFilter.doFilterInternal(Ljakarta/servlet/http/HttpServletRequest;Ljakarta/servlet/http/HttpServletResponse;Ljakarta/servlet/FilterChain;)V+53
j  org.springframework.web.filter.OncePerRequestFilter.doFilter(Ljakarta/servlet/ServletRequest;Ljakarta/servlet/ServletResponse;Ljakarta/servlet/FilterChain;)V+150
j  org.apache.catalina.core.ApplicationFilterChain.internalDoFilter(Ljakarta/servlet/ServletRequest;Ljakarta/servlet/ServletResponse;)V+135
j  org.apache.catalina.core.ApplicationFilterChain.doFilter(Ljakarta/servlet/ServletRequest;Ljakarta/servlet/ServletResponse;)V+99
j  org.apache.catalina.core.StandardWrapperValve.invoke(Lorg/apache/catalina/connector/Request;Lorg/apache/catalina/connector/Response;)V+514
j  org.apache.catalina.core.StandardContextValve.invoke(Lorg/apache/catalina/connector/Request;Lorg/apache/catalina/connector/Response;)V+169
j  org.apache.catalina.authenticator.AuthenticatorBase.invoke(Lorg/apache/catalina/connector/Request;Lorg/apache/catalina/connector/Response;)V+218
j  org.apache.catalina.core.StandardHostValve.invoke(Lorg/apache/catalina/connector/Request;Lorg/apache/catalina/connector/Response;)V+131
j  org.apache.catalina.valves.ErrorReportValve.invoke(Lorg/apache/catalina/connector/Request;Lorg/apache/catalina/connector/Response;)V+6
j  org.apache.catalina.core.StandardEngineValve.invoke(Lorg/apache/catalina/connector/Request;Lorg/apache/catalina/connector/Response;)V+59
j  org.apache.catalina.connector.CoyoteAdapter.service(Lorg/apache/coyote/Request;Lorg/apache/coyote/Response;)V+188
j  org.apache.coyote.http11.Http11Processor.service(Lorg/apache/tomcat/util/net/SocketWrapperBase;)Lorg/apache/tomcat/util/net/AbstractEndpoint$Handler$SocketState;+795
j  org.apache.coyote.AbstractProcessorLight.process(Lorg/apache/tomcat/util/net/SocketWrapperBase;Lorg/apache/tomcat/util/net/SocketEvent;)Lorg/apache/tomcat/util/net/AbstractEndpoint$Handler$SocketState;+152
j  org.apache.coyote.AbstractProtocol$ConnectionHandler.process(Lorg/apache/tomcat/util/net/SocketWrapperBase;Lorg/apache/tomcat/util/net/SocketEvent;)Lorg/apache/tomcat/util/net/AbstractEndpoint$Handler$SocketState;+482
j  org.apache.tomcat.util.net.NioEndpoint$SocketProcessor.doRun()V+249
j  org.apache.tomcat.util.net.SocketProcessorBase.run()V+32
j  org.apache.tomcat.util.threads.ThreadPoolExecutor.runWorker(Lorg/apache/tomcat/util/threads/ThreadPoolExecutor$Worker;)V+92
j  org.apache.tomcat.util.threads.ThreadPoolExecutor$Worker.run()V+5
j  org.apache.tomcat.util.threads.TaskThread$WrappingRunnable.run()V+4
j  java.lang.Thread.run()V+11 java.base@17.0.8
v  ~StubRoutines::call_stub

---------------  P R O C E S S  ---------------

Threads class SMR info:
_java_thread_list=0x00000233ec9aaf40, length=33, elements={
0x00000233a49c5530, 0x00000233a49c7e00, 0x00000233a49d7660, 0x00000233a49d7f20,
0x00000233a49d87e0, 0x00000233a49dc4c0, 0x00000233a49dce30, 0x00000233a49e7b60,
0x00000233a4bea5c0, 0x00000233a4f5cef0, 0x00000233ea03f530, 0x00000233ea1f8060,
0x00000233ea6ccbc0, 0x00000233ea10ffc0, 0x00000233eb230310, 0x00000233ec365080,
0x00000233ec365550, 0x00000233ec365a20, 0x00000233ec9f3c90, 0x00000233ec9f4160,
0x00000233eb1aa270, 0x00000233ebe0bba0, 0x00000233ebe0b200, 0x00000233ebe09ec0,
0x00000233ebe0c540, 0x00000233ebe0ca10, 0x00000233ebe099f0, 0x00000233ebe0a860,
0x00000233ebe0ad30, 0x00000233ebe09050, 0x00000233ebe09520, 0x00000233ebe0a390,
0x00000233eca1f570
}

Java Threads: ( => current thread )
  0x00000233a49c5530 JavaThread "Reference Handler" daemon [_thread_blocked, id=14480, stack(0x000000dc3ec00000,0x000000dc3ed00000)]
  0x00000233a49c7e00 JavaThread "Finalizer" daemon [_thread_blocked, id=12728, stack(0x000000dc3ed00000,0x000000dc3ee00000)]
  0x00000233a49d7660 JavaThread "Signal Dispatcher" daemon [_thread_blocked, id=20280, stack(0x000000dc3ee00000,0x000000dc3ef00000)]
  0x00000233a49d7f20 JavaThread "Attach Listener" daemon [_thread_blocked, id=14540, stack(0x000000dc3ef00000,0x000000dc3f000000)]
  0x00000233a49d87e0 JavaThread "Service Thread" daemon [_thread_blocked, id=13792, stack(0x000000dc3f000000,0x000000dc3f100000)]
  0x00000233a49dc4c0 JavaThread "Monitor Deflation Thread" daemon [_thread_blocked, id=12576, stack(0x000000dc3f100000,0x000000dc3f200000)]
  0x00000233a49dce30 JavaThread "C1 CompilerThread0" daemon [_thread_blocked, id=20880, stack(0x000000dc3f200000,0x000000dc3f300000)]
  0x00000233a49e7b60 JavaThread "Sweeper thread" daemon [_thread_blocked, id=16280, stack(0x000000dc3f300000,0x000000dc3f400000)]
  0x00000233a4bea5c0 JavaThread "Common-Cleaner" daemon [_thread_blocked, id=21888, stack(0x000000dc3f400000,0x000000dc3f500000)]
  0x00000233a4f5cef0 JavaThread "Monitor Ctrl-Break" daemon [_thread_in_native, id=4068, stack(0x000000dc3f700000,0x000000dc3f800000)]
  0x00000233ea03f530 JavaThread "Notification Thread" daemon [_thread_blocked, id=20492, stack(0x000000dc3f800000,0x000000dc3f900000)]
  0x00000233ea1f8060 JavaThread "RMI TCP Accept-0" daemon [_thread_in_native, id=8864, stack(0x000000dc3f900000,0x000000dc3fa00000)]
  0x00000233ea6ccbc0 JavaThread "RMI Scheduler(0)" daemon [_thread_blocked, id=11504, stack(0x000000dc40600000,0x000000dc40700000)]
  0x00000233ea10ffc0 JavaThread "PostgreSQL-JDBC-Cleaner" daemon [_thread_blocked, id=10196, stack(0x000000dc3f600000,0x000000dc3f700000)]
  0x00000233eb230310 JavaThread "HikariPool-1 housekeeper" daemon [_thread_blocked, id=18580, stack(0x000000dc40800000,0x000000dc40900000)]
  0x00000233ec365080 JavaThread "Catalina-utility-1" [_thread_blocked, id=6204, stack(0x000000dc40b00000,0x000000dc40c00000)]
  0x00000233ec365550 JavaThread "Catalina-utility-2" [_thread_blocked, id=8948, stack(0x000000dc40c00000,0x000000dc40d00000)]
  0x00000233ec365a20 JavaThread "container-0" [_thread_blocked, id=17504, stack(0x000000dc40d00000,0x000000dc40e00000)]
  0x00000233ec9f3c90 JavaThread "File Watcher" daemon [_thread_blocked, id=10504, stack(0x000000dc40f00000,0x000000dc41000000)]
  0x00000233ec9f4160 JavaThread "Live Reload Server" daemon [_thread_in_native, id=5056, stack(0x000000dc41000000,0x000000dc41100000)]
  0x00000233eb1aa270 JavaThread "http-nio-8080-exec-1" daemon [_thread_blocked, id=18644, stack(0x000000dc41100000,0x000000dc41200000)]
  0x00000233ebe0bba0 JavaThread "http-nio-8080-exec-2" daemon [_thread_blocked, id=9072, stack(0x000000dc41200000,0x000000dc41300000)]
  0x00000233ebe0b200 JavaThread "http-nio-8080-exec-3" daemon [_thread_blocked, id=13692, stack(0x000000dc41300000,0x000000dc41400000)]
  0x00000233ebe09ec0 JavaThread "http-nio-8080-exec-4" daemon [_thread_blocked, id=11968, stack(0x000000dc41400000,0x000000dc41500000)]
  0x00000233ebe0c540 JavaThread "http-nio-8080-exec-5" daemon [_thread_blocked, id=18056, stack(0x000000dc41500000,0x000000dc41600000)]
  0x00000233ebe0ca10 JavaThread "http-nio-8080-exec-6" daemon [_thread_blocked, id=3056, stack(0x000000dc41600000,0x000000dc41700000)]
=>0x00000233ebe099f0 JavaThread "http-nio-8080-exec-7" daemon [_thread_in_vm, id=20004, stack(0x000000dc41700000,0x000000dc41800000)]
  0x00000233ebe0a860 JavaThread "http-nio-8080-exec-8" daemon [_thread_blocked, id=7980, stack(0x000000dc41800000,0x000000dc41900000)]
  0x00000233ebe0ad30 JavaThread "http-nio-8080-exec-9" daemon [_thread_blocked, id=20828, stack(0x000000dc41900000,0x000000dc41a00000)]
  0x00000233ebe09050 JavaThread "http-nio-8080-exec-10" daemon [_thread_blocked, id=12336, stack(0x000000dc41a00000,0x000000dc41b00000)]
  0x00000233ebe09520 JavaThread "http-nio-8080-Poller" daemon [_thread_in_native, id=15512, stack(0x000000dc41b00000,0x000000dc41c00000)]
  0x00000233ebe0a390 JavaThread "http-nio-8080-Acceptor" daemon [_thread_in_native, id=19020, stack(0x000000dc41c00000,0x000000dc41d00000)]
  0x00000233eca1f570 JavaThread "DestroyJavaVM" [_thread_blocked, id=19536, stack(0x000000dc3e500000,0x000000dc3e600000)]

Other Threads:
  0x00000233a49bfb80 VMThread "VM Thread" [stack: 0x000000dc3eb00000,0x000000dc3ec00000] [id=10432]
  0x0000023392c6be90 WatcherThread [stack: 0x000000dc3fa00000,0x000000dc3fb00000] [id=6064]
  0x0000023392c3b3e0 GCTaskThread "GC Thread#0" [stack: 0x000000dc3e600000,0x000000dc3e700000] [id=3260]
  0x00000233ea610450 GCTaskThread "GC Thread#1" [stack: 0x000000dc3fb00000,0x000000dc3fc00000] [id=17960]
  0x00000233ea63ecd0 GCTaskThread "GC Thread#2" [stack: 0x000000dc3fc00000,0x000000dc3fd00000] [id=3780]
  0x00000233ea63ff90 GCTaskThread "GC Thread#3" [stack: 0x000000dc3fd00000,0x000000dc3fe00000] [id=12256]
  0x00000233ea640240 GCTaskThread "GC Thread#4" [stack: 0x000000dc3fe00000,0x000000dc3ff00000] [id=21592]
  0x00000233ea6404f0 GCTaskThread "GC Thread#5" [stack: 0x000000dc3ff00000,0x000000dc40000000] [id=18304]
  0x00000233ea640bb0 GCTaskThread "GC Thread#6" [stack: 0x000000dc40000000,0x000000dc40100000] [id=17828]
  0x00000233ea641270 GCTaskThread "GC Thread#7" [stack: 0x000000dc40100000,0x000000dc40200000] [id=18948]
  0x0000023392c4b9f0 ConcurrentGCThread "G1 Main Marker" [stack: 0x000000dc3e700000,0x000000dc3e800000] [id=21236]
  0x0000023392c4d320 ConcurrentGCThread "G1 Conc#0" [stack: 0x000000dc3e800000,0x000000dc3e900000] [id=16464]
  0x00000233eb0036b0 ConcurrentGCThread "G1 Conc#1" [stack: 0x000000dc40900000,0x000000dc40a00000] [id=19500]
  0x0000023392c99660 ConcurrentGCThread "G1 Refine#0" [stack: 0x000000dc3e900000,0x000000dc3ea00000] [id=6532]
  0x00000233ea611320 ConcurrentGCThread "G1 Refine#1" [stack: 0x000000dc40200000,0x000000dc40300000] [id=7860]
  0x00000233a48720c0 ConcurrentGCThread "G1 Service" [stack: 0x000000dc3ea00000,0x000000dc3eb00000] [id=16096]

Threads with active compile tasks:

VM state: not at safepoint (normal execution)

VM Mutex/Monitor currently owned by a thread:  ([mutex/lock_event])
[0x0000023392bda0b0] Metaspace_lock - owner thread: 0x00000233ebe099f0

Heap address: 0x0000000084200000, size: 1982 MB, Compressed Oops mode: 32-bit

CDS archive(s) mapped at: [0x00000233a5000000-0x00000233a5bd0000-0x00000233a5bd0000), size 12386304, SharedBaseAddress: 0x00000233a5000000, ArchiveRelocationMode: 1.
Compressed class space mapped at: 0x00000233a6000000-0x00000233e6000000, reserved size: 1073741824
Narrow klass base: 0x00000233a5000000, Narrow klass shift: 0, Narrow klass range: 0x100000000

GC Precious Log:
 CPUs: 8 total, 8 available
 Memory: 7926M
 Large Page Support: Disabled
 NUMA Support: Disabled
 Compressed Oops: Enabled (32-bit)
 Heap Region Size: 1M
 Heap Min Capacity: 8M
 Heap Initial Capacity: 124M
 Heap Max Capacity: 1982M
 Pre-touch: Disabled
 Parallel Workers: 8
 Concurrent Workers: 2
 Concurrent Refinement Workers: 8
 Periodic GC: Disabled

Heap:
 garbage-first heap   total 82944K, used 39254K [0x0000000084200000, 0x0000000100000000)
  region size 1024K, 3 young (3072K), 2 survivors (2048K)
 Metaspace       used 77022K, committed 77632K, reserved 1179648K
  class space    used 11353K, committed 11648K, reserved 1048576K

Heap Regions: E=young(eden), S=young(survivor), O=old, HS=humongous(starts), HC=humongous(continues), CS=collection set, F=free, OA=open archive, CA=closed archive, TAMS=top-at-mark-start (previous, next)
|   0|0x0000000084200000, 0x0000000084300000, 0x0000000084300000|100%|HS|  |TAMS 0x0000000084300000, 0x0000000084300000| Complete 
|   1|0x0000000084300000, 0x0000000084400000, 0x0000000084400000|100%| O|  |TAMS 0x0000000084400000, 0x0000000084400000| Untracked 
|   2|0x0000000084400000, 0x0000000084500000, 0x0000000084500000|100%| O|  |TAMS 0x0000000084500000, 0x0000000084500000| Untracked 
|   3|0x0000000084500000, 0x0000000084600000, 0x0000000084600000|100%| O|  |TAMS 0x0000000084600000, 0x0000000084600000| Untracked 
|   4|0x0000000084600000, 0x0000000084700000, 0x0000000084700000|100%| O|  |TAMS 0x0000000084700000, 0x0000000084700000| Untracked 
|   5|0x0000000084700000, 0x0000000084800000, 0x0000000084800000|100%| O|  |TAMS 0x0000000084800000, 0x0000000084800000| Untracked 
|   6|0x0000000084800000, 0x0000000084900000, 0x0000000084900000|100%| O|  |TAMS 0x0000000084900000, 0x0000000084900000| Untracked 
|   7|0x0000000084900000, 0x0000000084a00000, 0x0000000084a00000|100%| O|  |TAMS 0x0000000084a00000, 0x0000000084a00000| Untracked 
|   8|0x0000000084a00000, 0x0000000084a82600, 0x0000000084b00000| 50%| O|  |TAMS 0x0000000084a82600, 0x0000000084a82600| Untracked 
|   9|0x0000000084b00000, 0x0000000084c00000, 0x0000000084c00000|100%| O|  |TAMS 0x0000000084c00000, 0x0000000084c00000| Untracked 
|  10|0x0000000084c00000, 0x0000000084d00000, 0x0000000084d00000|100%| O|  |TAMS 0x0000000084d00000, 0x0000000084d00000| Untracked 
|  11|0x0000000084d00000, 0x0000000084e00000, 0x0000000084e00000|100%| O|  |TAMS 0x0000000084e00000, 0x0000000084e00000| Untracked 
|  12|0x0000000084e00000, 0x0000000084f00000, 0x0000000084f00000|100%| O|  |TAMS 0x0000000084f00000, 0x0000000084f00000| Untracked 
|  13|0x0000000084f00000, 0x0000000085000000, 0x0000000085000000|100%| O|  |TAMS 0x0000000085000000, 0x0000000085000000| Untracked 
|  14|0x0000000085000000, 0x0000000085100000, 0x0000000085100000|100%| O|  |TAMS 0x0000000085100000, 0x0000000085100000| Untracked 
|  15|0x0000000085100000, 0x0000000085200000, 0x0000000085200000|100%| O|  |TAMS 0x0000000085200000, 0x0000000085200000| Untracked 
|  16|0x0000000085200000, 0x0000000085300000, 0x0000000085300000|100%| O|  |TAMS 0x0000000085300000, 0x0000000085300000| Untracked 
|  17|0x0000000085300000, 0x0000000085400000, 0x0000000085400000|100%| O|  |TAMS 0x0000000085400000, 0x0000000085400000| Untracked 
|  18|0x0000000085400000, 0x0000000085500000, 0x0000000085500000|100%| O|  |TAMS 0x0000000085500000, 0x0000000085500000| Untracked 
|  19|0x0000000085500000, 0x0000000085600000, 0x0000000085600000|100%| O|  |TAMS 0x0000000085600000, 0x0000000085600000| Untracked 
|  20|0x0000000085600000, 0x0000000085700000, 0x0000000085700000|100%| O|  |TAMS 0x0000000085700000, 0x0000000085700000| Untracked 
|  21|0x0000000085700000, 0x0000000085800000, 0x0000000085800000|100%| O|  |TAMS 0x0000000085800000, 0x0000000085800000| Untracked 
|  22|0x0000000085800000, 0x0000000085900000, 0x0000000085900000|100%| O|  |TAMS 0x0000000085900000, 0x0000000085900000| Untracked 
|  23|0x0000000085900000, 0x0000000085a00000, 0x0000000085a00000|100%| O|  |TAMS 0x0000000085a00000, 0x0000000085a00000| Untracked 
|  24|0x0000000085a00000, 0x0000000085b00000, 0x0000000085b00000|100%| O|  |TAMS 0x0000000085b00000, 0x0000000085b00000| Untracked 
|  25|0x0000000085b00000, 0x0000000085c00000, 0x0000000085c00000|100%| O|  |TAMS 0x0000000085c00000, 0x0000000085c00000| Untracked 
|  26|0x0000000085c00000, 0x0000000085d00000, 0x0000000085d00000|100%| O|  |TAMS 0x0000000085d00000, 0x0000000085d00000| Untracked 
|  27|0x0000000085d00000, 0x0000000085e00000, 0x0000000085e00000|100%| O|  |TAMS 0x0000000085e00000, 0x0000000085e00000| Untracked 
|  28|0x0000000085e00000, 0x0000000085f00000, 0x0000000085f00000|100%| O|  |TAMS 0x0000000085f00000, 0x0000000085f00000| Untracked 
|  29|0x0000000085f00000, 0x0000000086000000, 0x0000000086000000|100%| O|  |TAMS 0x0000000086000000, 0x0000000086000000| Untracked 
|  30|0x0000000086000000, 0x0000000086100000, 0x0000000086100000|100%| O|  |TAMS 0x0000000086100000, 0x0000000086100000| Untracked 
|  31|0x0000000086100000, 0x0000000086200000, 0x0000000086200000|100%| O|  |TAMS 0x00000000861b6000, 0x0000000086200000| Untracked 
|  32|0x0000000086200000, 0x0000000086300000, 0x0000000086300000|100%| O|  |TAMS 0x0000000086200000, 0x0000000086300000| Untracked 
|  33|0x0000000086300000, 0x0000000086400000, 0x0000000086400000|100%| O|  |TAMS 0x0000000086300000, 0x0000000086400000| Untracked 
|  34|0x0000000086400000, 0x0000000086500000, 0x0000000086500000|100%| O|  |TAMS 0x0000000086400000, 0x0000000086500000| Untracked 
|  35|0x0000000086500000, 0x0000000086600000, 0x0000000086600000|100%| O|  |TAMS 0x0000000086500000, 0x0000000086600000| Untracked 
|  36|0x0000000086600000, 0x0000000086700000, 0x0000000086700000|100%| O|  |TAMS 0x0000000086600000, 0x0000000086700000| Untracked 
|  37|0x0000000086700000, 0x000000008674ac00, 0x0000000086800000| 29%| O|  |TAMS 0x0000000086700000, 0x000000008674ac00| Untracked 
|  38|0x0000000086800000, 0x0000000086800000, 0x0000000086900000|  0%| F|  |TAMS 0x0000000086800000, 0x0000000086800000| Untracked 
|  39|0x0000000086900000, 0x0000000086900000, 0x0000000086a00000|  0%| F|  |TAMS 0x0000000086900000, 0x0000000086900000| Untracked 
|  40|0x0000000086a00000, 0x0000000086a00000, 0x0000000086b00000|  0%| F|  |TAMS 0x0000000086a00000, 0x0000000086a00000| Untracked 
|  41|0x0000000086b00000, 0x0000000086b00000, 0x0000000086c00000|  0%| F|  |TAMS 0x0000000086b00000, 0x0000000086b00000| Untracked 
|  42|0x0000000086c00000, 0x0000000086c00000, 0x0000000086d00000|  0%| F|  |TAMS 0x0000000086c00000, 0x0000000086c00000| Untracked 
|  43|0x0000000086d00000, 0x0000000086d00000, 0x0000000086e00000|  0%| F|  |TAMS 0x0000000086d00000, 0x0000000086d00000| Untracked 
|  44|0x0000000086e00000, 0x0000000086e00000, 0x0000000086f00000|  0%| F|  |TAMS 0x0000000086e00000, 0x0000000086e00000| Untracked 
|  45|0x0000000086f00000, 0x0000000086f00000, 0x0000000087000000|  0%| F|  |TAMS 0x0000000086f00000, 0x0000000086f00000| Untracked 
|  46|0x0000000087000000, 0x0000000087000000, 0x0000000087100000|  0%| F|  |TAMS 0x0000000087000000, 0x0000000087000000| Untracked 
|  47|0x0000000087100000, 0x0000000087100000, 0x0000000087200000|  0%| F|  |TAMS 0x0000000087100000, 0x0000000087100000| Untracked 
|  48|0x0000000087200000, 0x0000000087200000, 0x0000000087300000|  0%| F|  |TAMS 0x0000000087200000, 0x0000000087200000| Untracked 
|  49|0x0000000087300000, 0x0000000087300000, 0x0000000087400000|  0%| F|  |TAMS 0x0000000087300000, 0x0000000087300000| Untracked 
|  50|0x0000000087400000, 0x00000000874888c0, 0x0000000087500000| 53%| S|CS|TAMS 0x0000000087400000, 0x0000000087400000| Complete 
|  51|0x0000000087500000, 0x0000000087600000, 0x0000000087600000|100%| S|CS|TAMS 0x0000000087500000, 0x0000000087500000| Complete 
|  52|0x0000000087600000, 0x0000000087600000, 0x0000000087700000|  0%| F|  |TAMS 0x0000000087600000, 0x0000000087600000| Untracked 
|  53|0x0000000087700000, 0x0000000087700000, 0x0000000087800000|  0%| F|  |TAMS 0x0000000087700000, 0x0000000087700000| Untracked 
|  54|0x0000000087800000, 0x0000000087800000, 0x0000000087900000|  0%| F|  |TAMS 0x0000000087800000, 0x0000000087800000| Untracked 
|  55|0x0000000087900000, 0x0000000087900000, 0x0000000087a00000|  0%| F|  |TAMS 0x0000000087900000, 0x0000000087900000| Untracked 
|  56|0x0000000087a00000, 0x0000000087a00000, 0x0000000087b00000|  0%| F|  |TAMS 0x0000000087a00000, 0x0000000087a00000| Untracked 
|  57|0x0000000087b00000, 0x0000000087b00000, 0x0000000087c00000|  0%| F|  |TAMS 0x0000000087b00000, 0x0000000087b00000| Untracked 
|  58|0x0000000087c00000, 0x0000000087c00000, 0x0000000087d00000|  0%| F|  |TAMS 0x0000000087c00000, 0x0000000087c00000| Untracked 
|  59|0x0000000087d00000, 0x0000000087d00000, 0x0000000087e00000|  0%| F|  |TAMS 0x0000000087d00000, 0x0000000087d00000| Untracked 
|  60|0x0000000087e00000, 0x0000000087e00000, 0x0000000087f00000|  0%| F|  |TAMS 0x0000000087e00000, 0x0000000087e00000| Untracked 
|  61|0x0000000087f00000, 0x0000000087f00000, 0x0000000088000000|  0%| F|  |TAMS 0x0000000087f00000, 0x0000000087f00000| Untracked 
|  62|0x0000000088000000, 0x0000000088000000, 0x0000000088100000|  0%| F|  |TAMS 0x0000000088000000, 0x0000000088000000| Untracked 
|  63|0x0000000088100000, 0x0000000088100000, 0x0000000088200000|  0%| F|  |TAMS 0x0000000088100000, 0x0000000088100000| Untracked 
|  64|0x0000000088200000, 0x0000000088200000, 0x0000000088300000|  0%| F|  |TAMS 0x0000000088200000, 0x0000000088200000| Untracked 
|  65|0x0000000088300000, 0x0000000088300000, 0x0000000088400000|  0%| F|  |TAMS 0x0000000088300000, 0x0000000088300000| Untracked 
|  66|0x0000000088400000, 0x0000000088400000, 0x0000000088500000|  0%| F|  |TAMS 0x0000000088400000, 0x0000000088400000| Untracked 
|  67|0x0000000088500000, 0x0000000088500000, 0x0000000088600000|  0%| F|  |TAMS 0x0000000088500000, 0x0000000088500000| Untracked 
|  68|0x0000000088600000, 0x0000000088600000, 0x0000000088700000|  0%| F|  |TAMS 0x0000000088600000, 0x0000000088600000| Untracked 
|  69|0x0000000088700000, 0x0000000088700000, 0x0000000088800000|  0%| F|  |TAMS 0x0000000088700000, 0x0000000088700000| Untracked 
|  70|0x0000000088800000, 0x0000000088800000, 0x0000000088900000|  0%| F|  |TAMS 0x0000000088800000, 0x0000000088800000| Untracked 
|  71|0x0000000088900000, 0x0000000088900000, 0x0000000088a00000|  0%| F|  |TAMS 0x0000000088900000, 0x0000000088900000| Untracked 
|  72|0x0000000088a00000, 0x0000000088a00000, 0x0000000088b00000|  0%| F|  |TAMS 0x0000000088a00000, 0x0000000088a00000| Untracked 
|  73|0x0000000088b00000, 0x0000000088b00000, 0x0000000088c00000|  0%| F|  |TAMS 0x0000000088b00000, 0x0000000088b00000| Untracked 
| 104|0x000000008aa00000, 0x000000008aa00000, 0x000000008ab00000|  0%| F|  |TAMS 0x000000008aa00000, 0x000000008aa00000| Untracked 
| 105|0x000000008ab00000, 0x000000008ab00000, 0x000000008ac00000|  0%| F|  |TAMS 0x000000008ab00000, 0x000000008ab00000| Untracked 
| 106|0x000000008ac00000, 0x000000008ac00000, 0x000000008ad00000|  0%| F|  |TAMS 0x000000008ac00000, 0x000000008ac00000| Untracked 
| 107|0x000000008ad00000, 0x000000008ad00000, 0x000000008ae00000|  0%| F|  |TAMS 0x000000008ad00000, 0x000000008ad00000| Untracked 
| 108|0x000000008ae00000, 0x000000008ae00000, 0x000000008af00000|  0%| F|  |TAMS 0x000000008ae00000, 0x000000008ae00000| Untracked 
| 109|0x000000008af00000, 0x000000008af00000, 0x000000008b000000|  0%| F|  |TAMS 0x000000008af00000, 0x000000008af00000| Untracked 
| 123|0x000000008bd00000, 0x000000008bd56178, 0x000000008be00000| 33%| E|  |TAMS 0x000000008bd00000, 0x000000008bd00000| Complete 

Card table byte_map: [0x000002339d960000,0x000002339dd40000] _byte_map_base: 0x000002339d53f000

Marking Bits (Prev, Next): (CMBitMap*) 0x0000023392c3b900, (CMBitMap*) 0x0000023392c3b940
 Prev Bits: [0x000002339e120000, 0x00000233a0018000)
 Next Bits: [0x00000233a0020000, 0x00000233a1f18000)

Polling page: 0x0000023390af0000

Metaspace:

Usage:
  Non-class:     64.13 MB used.
      Class:     11.09 MB used.
       Both:     75.22 MB used.

Virtual space:
  Non-class space:      128.00 MB reserved,      64.44 MB ( 50%) committed,  2 nodes.
      Class space:        1.00 GB reserved,      11.38 MB (  1%) committed,  1 nodes.
             Both:        1.12 GB reserved,      75.81 MB (  7%) committed. 

Chunk freelists:
   Non-Class:  15.55 MB
       Class:  4.62 MB
        Both:  20.17 MB

MaxMetaspaceSize: unlimited
CompressedClassSpaceSize: 1.00 GB
Initial GC threshold: 21.00 MB
Current GC threshold: 113.75 MB
CDS: on
MetaspaceReclaimPolicy: balanced
 - commit_granule_bytes: 65536.
 - commit_granule_words: 8192.
 - virtual_space_node_default_size: 8388608.
 - enlarge_chunks_in_place: 1.
 - new_chunks_are_fully_committed: 0.
 - uncommit_free_chunks: 1.
 - use_allocation_guard: 0.
 - handle_deallocations: 1.


Internal statistics:

num_allocs_failed_limit: 6.
num_arena_births: 928.
num_arena_deaths: 0.
num_vsnodes_births: 3.
num_vsnodes_deaths: 0.
num_space_committed: 1213.
num_space_uncommitted: 0.
num_chunks_returned_to_freelist: 6.
num_chunks_taken_from_freelist: 3675.
num_chunk_merges: 6.
num_chunk_splits: 2665.
num_chunks_enlarged: 2075.
num_purges: 0.
num_inconsistent_stats: 0.

CodeCache: size=49152Kb used=12883Kb max_used=13525Kb free=36269Kb
 bounds [0x000002339a470000, 0x000002339b1b0000, 0x000002339d470000]
 total_blobs=8195 nmethods=7493 adapters=628
 compilation: enabled
              stopped_count=0, restarted_count=0
 full_count=0

Compilation events (20 events):
Event: 164.157 Thread 0x00000233a49dce30 7480       1       org.hibernate.validator.internal.metadata.aggregated.BeanMetaDataBuilder$BuilderDelegate::<init> (252 bytes)
Event: 164.159 Thread 0x00000233a49dce30 nmethod 7480 0x000002339af8d890 code [0x000002339af8db60, 0x000002339af8eba8]
Event: 164.159 Thread 0x00000233a49dce30 7485       1       org.hibernate.internal.util.StringHelper::replace (148 bytes)
Event: 164.160 Thread 0x00000233a49dce30 nmethod 7485 0x000002339af8cb90 code [0x000002339af8cde0, 0x000002339af8d448]
Event: 164.187 Thread 0x00000233a49dce30 7486       1       org.hibernate.stat.internal.StatisticsImpl::isStatisticsEnabled (5 bytes)
Event: 164.187 Thread 0x00000233a49dce30 nmethod 7486 0x000002339af8c890 code [0x000002339af8ca20, 0x000002339af8caf8]
Event: 164.225 Thread 0x00000233a49dce30 7487       1       org.modelmapper.internal.util.Types::mightContainsProperties (51 bytes)
Event: 164.226 Thread 0x00000233a49dce30 nmethod 7487 0x000002339af8c290 code [0x000002339af8c460, 0x000002339af8c6e8]
Event: 164.226 Thread 0x00000233a49dce30 7488       1       org.modelmapper.spi.NameableType::forPropertyType (46 bytes)
Event: 164.226 Thread 0x00000233a49dce30 nmethod 7488 0x000002339af8be90 code [0x000002339af8c040, 0x000002339af8c1f8]
Event: 164.226 Thread 0x00000233a49dce30 7489       1       org.modelmapper.internal.PropertyNameInfoImpl::pushSourcePropertyType (99 bytes)
Event: 164.226 Thread 0x00000233a49dce30 nmethod 7489 0x000002339af8aa10 code [0x000002339af8acc0, 0x000002339af8b878]
Event: 164.226 Thread 0x00000233a49dce30 7491       1       org.modelmapper.internal.InheritingConfiguration::getSourceNameTransformer (30 bytes)
Event: 164.226 Thread 0x00000233a49dce30 nmethod 7491 0x000002339af8a290 code [0x000002339af8a460, 0x000002339af8a828]
Event: 164.226 Thread 0x00000233a49dce30 7490       1       org.modelmapper.internal.util.Primitives::isPrimitive (20 bytes)
Event: 164.227 Thread 0x00000233a49dce30 nmethod 7490 0x000002339af89f10 code [0x000002339af8a0a0, 0x000002339af8a1c8]
Event: 164.541 Thread 0x00000233a49dce30 7492   !   1       jdk.proxy1.$Proxy4::annotationType (29 bytes)
Event: 164.542 Thread 0x00000233a49dce30 nmethod 7492 0x000002339af89a10 code [0x000002339af89bc0, 0x000002339af89dd8]
Event: 164.662 Thread 0x00000233a49dce30 7493       1       org.hibernate.property.access.internal.PropertyAccessFieldImpl::getGetter (5 bytes)
Event: 164.663 Thread 0x00000233a49dce30 nmethod 7493 0x000002339af89710 code [0x000002339af898a0, 0x000002339af89978]

GC Heap History (20 events):
Event: 15.611 GC heap before
{Heap before GC invocations=20 (full 0):
 garbage-first heap   total 55296K, used 44719K [0x0000000084200000, 0x0000000100000000)
  region size 1024K, 19 young (19456K), 3 survivors (3072K)
 Metaspace       used 61383K, committed 62016K, reserved 1114112K
  class space    used 8908K, committed 9216K, reserved 1048576K
}
Event: 15.616 GC heap after
{Heap after GC invocations=21 (full 0):
 garbage-first heap   total 55296K, used 29383K [0x0000000084200000, 0x0000000100000000)
  region size 1024K, 3 young (3072K), 3 survivors (3072K)
 Metaspace       used 61383K, committed 62016K, reserved 1114112K
  class space    used 8908K, committed 9216K, reserved 1048576K
}
Event: 15.980 GC heap before
{Heap before GC invocations=22 (full 0):
 garbage-first heap   total 55296K, used 43719K [0x0000000084200000, 0x0000000100000000)
  region size 1024K, 18 young (18432K), 3 survivors (3072K)
 Metaspace       used 63088K, committed 63680K, reserved 1114112K
  class space    used 9232K, committed 9536K, reserved 1048576K
}
Event: 15.983 GC heap after
{Heap after GC invocations=23 (full 0):
 garbage-first heap   total 55296K, used 30546K [0x0000000084200000, 0x0000000100000000)
  region size 1024K, 3 young (3072K), 3 survivors (3072K)
 Metaspace       used 63088K, committed 63680K, reserved 1114112K
  class space    used 9232K, committed 9536K, reserved 1048576K
}
Event: 16.264 GC heap before
{Heap before GC invocations=23 (full 0):
 garbage-first heap   total 55296K, used 42834K [0x0000000084200000, 0x0000000100000000)
  region size 1024K, 16 young (16384K), 3 survivors (3072K)
 Metaspace       used 64995K, committed 65600K, reserved 1114112K
  class space    used 9648K, committed 9920K, reserved 1048576K
}
Event: 16.268 GC heap after
{Heap after GC invocations=24 (full 0):
 garbage-first heap   total 55296K, used 32066K [0x0000000084200000, 0x0000000100000000)
  region size 1024K, 2 young (2048K), 2 survivors (2048K)
 Metaspace       used 64995K, committed 65600K, reserved 1114112K
  class space    used 9648K, committed 9920K, reserved 1048576K
}
Event: 16.455 GC heap before
{Heap before GC invocations=25 (full 0):
 garbage-first heap   total 68608K, used 43330K [0x0000000084200000, 0x0000000100000000)
  region size 1024K, 14 young (14336K), 2 survivors (2048K)
 Metaspace       used 66011K, committed 66688K, reserved 1114112K
  class space    used 9777K, committed 10112K, reserved 1048576K
}
Event: 16.457 GC heap after
{Heap after GC invocations=26 (full 0):
 garbage-first heap   total 68608K, used 32608K [0x0000000084200000, 0x0000000100000000)
  region size 1024K, 1 young (1024K), 1 survivors (1024K)
 Metaspace       used 66011K, committed 66688K, reserved 1114112K
  class space    used 9777K, committed 10112K, reserved 1048576K
}
Event: 17.249 GC heap before
{Heap before GC invocations=26 (full 0):
 garbage-first heap   total 68608K, used 55136K [0x0000000084200000, 0x0000000100000000)
  region size 1024K, 23 young (23552K), 1 survivors (1024K)
 Metaspace       used 67046K, committed 67648K, reserved 1114112K
  class space    used 9938K, committed 10240K, reserved 1048576K
}
Event: 17.252 GC heap after
{Heap after GC invocations=27 (full 0):
 garbage-first heap   total 68608K, used 33430K [0x0000000084200000, 0x0000000100000000)
  region size 1024K, 2 young (2048K), 2 survivors (2048K)
 Metaspace       used 67046K, committed 67648K, reserved 1114112K
  class space    used 9938K, committed 10240K, reserved 1048576K
}
Event: 17.600 GC heap before
{Heap before GC invocations=28 (full 0):
 garbage-first heap   total 68608K, used 54934K [0x0000000084200000, 0x0000000100000000)
  region size 1024K, 23 young (23552K), 2 survivors (2048K)
 Metaspace       used 67197K, committed 67776K, reserved 1114112K
  class space    used 9955K, committed 10240K, reserved 1048576K
}
Event: 17.603 GC heap after
{Heap after GC invocations=29 (full 0):
 garbage-first heap   total 68608K, used 33942K [0x0000000084200000, 0x0000000100000000)
  region size 1024K, 2 young (2048K), 2 survivors (2048K)
 Metaspace       used 67197K, committed 67776K, reserved 1114112K
  class space    used 9955K, committed 10240K, reserved 1048576K
}
Event: 18.229 GC heap before
{Heap before GC invocations=29 (full 0):
 garbage-first heap   total 68608K, used 56470K [0x0000000084200000, 0x0000000100000000)
  region size 1024K, 24 young (24576K), 2 survivors (2048K)
 Metaspace       used 68926K, committed 69504K, reserved 1114112K
  class space    used 10206K, committed 10496K, reserved 1048576K
}
Event: 18.233 GC heap after
{Heap after GC invocations=30 (full 0):
 garbage-first heap   total 82944K, used 35436K [0x0000000084200000, 0x0000000100000000)
  region size 1024K, 3 young (3072K), 3 survivors (3072K)
 Metaspace       used 68926K, committed 69504K, reserved 1114112K
  class space    used 10206K, committed 10496K, reserved 1048576K
}
Event: 19.137 GC heap before
{Heap before GC invocations=31 (full 0):
 garbage-first heap   total 82944K, used 67180K [0x0000000084200000, 0x0000000100000000)
  region size 1024K, 34 young (34816K), 3 survivors (3072K)
 Metaspace       used 70976K, committed 71680K, reserved 1114112K
  class space    used 10532K, committed 10880K, reserved 1048576K
}
Event: 19.143 GC heap after
{Heap after GC invocations=32 (full 0):
 garbage-first heap   total 82944K, used 37796K [0x0000000084200000, 0x0000000100000000)
  region size 1024K, 5 young (5120K), 5 survivors (5120K)
 Metaspace       used 70976K, committed 71680K, reserved 1114112K
  class space    used 10532K, committed 10880K, reserved 1048576K
}
Event: 31.095 GC heap before
{Heap before GC invocations=32 (full 0):
 garbage-first heap   total 82944K, used 64420K [0x0000000084200000, 0x0000000100000000)
  region size 1024K, 32 young (32768K), 5 survivors (5120K)
 Metaspace       used 75939K, committed 76608K, reserved 1114112K
  class space    used 11196K, committed 11520K, reserved 1048576K
}
Event: 31.105 GC heap after
{Heap after GC invocations=33 (full 0):
 garbage-first heap   total 82944K, used 39196K [0x0000000084200000, 0x0000000100000000)
  region size 1024K, 2 young (2048K), 2 survivors (2048K)
 Metaspace       used 75939K, committed 76608K, reserved 1114112K
  class space    used 11196K, committed 11520K, reserved 1048576K
}
Event: 164.612 GC heap before
{Heap before GC invocations=33 (full 0):
 garbage-first heap   total 82944K, used 66844K [0x0000000084200000, 0x0000000100000000)
  region size 1024K, 29 young (29696K), 2 survivors (2048K)
 Metaspace       used 76948K, committed 77632K, reserved 1179648K
  class space    used 11342K, committed 11648K, reserved 1048576K
}
Event: 164.641 GC heap after
{Heap after GC invocations=34 (full 0):
 garbage-first heap   total 82944K, used 39254K [0x0000000084200000, 0x0000000100000000)
  region size 1024K, 2 young (2048K), 2 survivors (2048K)
 Metaspace       used 76948K, committed 77632K, reserved 1179648K
  class space    used 11342K, committed 11648K, reserved 1048576K
}

Deoptimization events (12 events):
Event: 2.934 Thread 0x00000233ea6501d0 DEOPT PACKING pc=0x000002339a995099 sp=0x000000dc404fc9b0
Event: 2.934 Thread 0x00000233ea6501d0 DEOPT UNPACKING pc=0x000002339a4c66e3 sp=0x000000dc404fbe90 mode 3
Event: 3.260 Thread 0x00000233ea6501d0 DEOPT PACKING pc=0x000002339a9e58d5 sp=0x000000dc404fceb0
Event: 3.260 Thread 0x00000233ea6501d0 DEOPT UNPACKING pc=0x000002339a4c66e3 sp=0x000000dc404fc358 mode 3
Event: 5.508 Thread 0x00000233ea6501d0 DEOPT PACKING pc=0x000002339ace0099 sp=0x000000dc404fd490
Event: 5.508 Thread 0x00000233ea6501d0 DEOPT UNPACKING pc=0x000002339a4c66e3 sp=0x000000dc404fc970 mode 3
Event: 15.319 Thread 0x00000233ea6501d0 DEOPT PACKING pc=0x000002339a9b7024 sp=0x000000dc404fa0b0
Event: 15.319 Thread 0x00000233ea6501d0 DEOPT UNPACKING pc=0x000002339a4c66e3 sp=0x000000dc404f9608 mode 0
Event: 15.629 Thread 0x00000233ea6501d0 DEOPT PACKING pc=0x000002339a9ebda2 sp=0x000000dc404fc320
Event: 15.629 Thread 0x00000233ea6501d0 DEOPT UNPACKING pc=0x000002339a4c66e3 sp=0x000000dc404fb828 mode 3
Event: 15.689 Thread 0x00000233ea6501d0 DEOPT PACKING pc=0x000002339ad6ec1d sp=0x000000dc404fbe30
Event: 15.689 Thread 0x00000233ea6501d0 DEOPT UNPACKING pc=0x000002339a4c66e3 sp=0x000000dc404fb398 mode 3

Classes unloaded (0 events):
No events

Classes redefined (0 events):
No events

Internal exceptions (20 events):
Event: 17.172 Thread 0x00000233ea6501d0 Exception <a 'java/lang/reflect/InvocationTargetException'{0x00000000872d3c58}> (0x00000000872d3c58) 
thrown [s\open\src\hotspot\share\runtime\reflection.cpp, line 1121]
Event: 17.181 Thread 0x00000233ea6501d0 Exception <a 'java/lang/reflect/InvocationTargetException'{0x0000000087101148}> (0x0000000087101148) 
thrown [s\open\src\hotspot\share\runtime\reflection.cpp, line 1121]
Event: 17.286 Thread 0x00000233ea6501d0 Exception <a 'java/lang/reflect/InvocationTargetException'{0x000000008ad390e0}> (0x000000008ad390e0) 
thrown [s\open\src\hotspot\share\runtime\reflection.cpp, line 1121]
Event: 17.307 Thread 0x00000233ea6501d0 Exception <a 'java/lang/reflect/InvocationTargetException'{0x000000008add5ee0}> (0x000000008add5ee0) 
thrown [s\open\src\hotspot\share\runtime\reflection.cpp, line 1121]
Event: 17.311 Thread 0x00000233ea6501d0 Exception <a 'java/lang/reflect/InvocationTargetException'{0x000000008adec1b8}> (0x000000008adec1b8) 
thrown [s\open\src\hotspot\share\runtime\reflection.cpp, line 1121]
Event: 17.487 Thread 0x00000233ea6501d0 Exception <a 'java/lang/reflect/InvocationTargetException'{0x00000000875eb3d0}> (0x00000000875eb3d0) 
thrown [s\open\src\hotspot\share\runtime\reflection.cpp, line 1121]
Event: 17.613 Thread 0x00000233ea6501d0 Exception <a 'java/lang/reflect/InvocationTargetException'{0x000000008af70930}> (0x000000008af70930) 
thrown [s\open\src\hotspot\share\runtime\reflection.cpp, line 1121]
Event: 18.201 Thread 0x00000233ea6501d0 Exception <a 'sun/nio/fs/WindowsException'{0x000000008707bc28}> (0x000000008707bc28) 
thrown [s\open\src\hotspot\share\prims\jni.cpp, line 516]
Event: 18.294 Thread 0x00000233ea6501d0 Exception <a 'java/lang/IncompatibleClassChangeError'{0x000000008ad98450}: Found class java.lang.Object, but interface was expected> (0x000000008ad98450) 
thrown [s\open\src\hotspot\share\interpreter\linkResolver.cpp, line 826]
Event: 18.518 Thread 0x00000233ea6501d0 Exception <a 'java/lang/NoSuchMethodError'{0x000000008877bda8}: 'java.lang.Object java.lang.invoke.DirectMethodHandle$Holder.invokeInterface(java.lang.Object, java.lang.Object, java.lang.Object, java.lang.Object)'> (0x000000008877bda8) 
thrown [s\open\src\hotspot\share\interpreter\linkResolver.cpp, line 759]
Event: 18.624 Thread 0x00000233ea6501d0 Exception <a 'java/lang/NoSuchMethodError'{0x000000008848e2f0}: 'void java.lang.invoke.DirectMethodHandle$Holder.invokeVirtual(java.lang.Object, java.lang.Object, long)'> (0x000000008848e2f0) 
thrown [s\open\src\hotspot\share\interpreter\linkResolver.cpp, line 759]
Event: 18.897 Thread 0x00000233ea6501d0 Exception <a 'java/lang/IncompatibleClassChangeError'{0x0000000087c94d68}: Found class java.lang.Object, but interface was expected> (0x0000000087c94d68) 
thrown [s\open\src\hotspot\share\interpreter\linkResolver.cpp, line 826]
Event: 19.136 Thread 0x00000233ea6501d0 Exception <a 'java/lang/NoSuchMethodError'{0x00000000874eb4b0}: 'java.lang.Object java.lang.invoke.DirectMethodHandle$Holder.newInvokeSpecial(java.lang.Object, java.lang.Object, int, java.lang.Object, java.lang.Object)'> (0x00000000874eb4b0) 
thrown [s\open\src\hotspot\share\interpreter\linkResolver.cpp, line 759]
Event: 19.136 Thread 0x00000233ea6501d0 Exception <a 'java/lang/NoSuchMethodError'{0x00000000874f6748}: 'java.lang.Object java.lang.invoke.DirectMethodHandle$Holder.invokeSpecial(java.lang.Object, java.lang.Object, int, java.lang.Object, int, java.lang.Object)'> (0x00000000874f6748) 
thrown [s\open\src\hotspot\share\interpreter\linkResolver.cpp, line 759]
Event: 19.137 Thread 0x00000233ea6501d0 Exception <a 'java/lang/NoSuchMethodError'{0x00000000874fe768}: 'java.lang.Object java.lang.invoke.DirectMethodHandle$Holder.newInvokeSpecial(java.lang.Object, java.lang.Object, int, java.lang.Object, int)'> (0x00000000874fe768) 
thrown [s\open\src\hotspot\share\interpreter\linkResolver.cpp, line 759]
Event: 19.144 Thread 0x00000233ea6501d0 Exception <a 'java/lang/NoSuchMethodError'{0x000000008bd02b20}: 'java.lang.Object java.lang.invoke.DirectMethodHandle$Holder.invokeSpecial(java.lang.Object, java.lang.Object, java.lang.Object, int, java.lang.Object, int)'> (0x000000008bd02b20) 
thrown [s\open\src\hotspot\share\interpreter\linkResolver.cpp, line 759]
Event: 29.973 Thread 0x00000233ebe0bba0 Exception <a 'java/lang/NoSuchMethodError'{0x000000008abe4940}: 'java.lang.Object java.lang.invoke.DirectMethodHandle$Holder.invokeSpecial(java.lang.Object, java.lang.Object, java.lang.Object, java.lang.Object, java.lang.Object, long)'> (0x000000008abe4940) 
thrown [s\open\src\hotspot\share\interpreter\linkResolver.cpp, line 759]
Event: 29.973 Thread 0x00000233ebe0bba0 Exception <a 'java/lang/NoSuchMethodError'{0x000000008abe8380}: 'java.lang.Object java.lang.invoke.Invokers$Holder.linkToTargetMethod(java.lang.Object, java.lang.Object, java.lang.Object, long, java.lang.Object)'> (0x000000008abe8380) 
thrown [s\open\src\hotspot\share\interpreter\linkResolver.cpp, line 759]
Event: 30.365 Thread 0x00000233eb1aa270 Exception <a 'java/lang/NoSuchMethodError'{0x00000000882e3558}: 'void java.lang.invoke.DirectMethodHandle$Holder.invokeSpecialIFC(java.lang.Object, java.lang.Object, int, java.lang.Object, java.lang.Object, java.lang.Object, java.lang.Object)'> (0x00000000882e3558) 
thrown [s\open\src\hotspot\share\interpreter\linkResolver.cpp, line 759]
Event: 39.238 Thread 0x00000233ebe0b200 Exception <a 'java/lang/reflect/InvocationTargetException'{0x0000000088bc1fb0}> (0x0000000088bc1fb0) 
thrown [s\open\src\hotspot\share\runtime\reflection.cpp, line 1121]

VM Operations (20 events):
Event: 39.283 Executing VM operation: Cleanup
Event: 39.283 Executing VM operation: Cleanup done
Event: 72.563 Executing VM operation: Cleanup
Event: 72.563 Executing VM operation: Cleanup done
Event: 76.585 Executing VM operation: Cleanup
Event: 76.585 Executing VM operation: Cleanup done
Event: 78.601 Executing VM operation: Cleanup
Event: 78.601 Executing VM operation: Cleanup done
Event: 126.021 Executing VM operation: Cleanup
Event: 126.021 Executing VM operation: Cleanup done
Event: 133.083 Executing VM operation: Cleanup
Event: 133.083 Executing VM operation: Cleanup done
Event: 147.223 Executing VM operation: Cleanup
Event: 147.223 Executing VM operation: Cleanup done
Event: 156.292 Executing VM operation: Cleanup
Event: 156.292 Executing VM operation: Cleanup done
Event: 164.370 Executing VM operation: Cleanup
Event: 164.371 Executing VM operation: Cleanup done
Event: 164.612 Executing VM operation: G1CollectForAllocation
Event: 164.641 Executing VM operation: G1CollectForAllocation done

Events (20 events):
Event: 31.132 loading class javax/xml/datatype/XMLGregorianCalendar done
Event: 31.230 loading class java/util/stream/LongStream
Event: 31.231 loading class java/util/stream/LongStream done
Event: 31.231 loading class java/util/stream/DoubleStream
Event: 31.232 loading class java/util/stream/DoubleStream done
Event: 36.278 Thread 0x00000233a4bf0ac0 Thread exited: 0x00000233a4bf0ac0
Event: 39.235 loading class jdk/internal/reflect/UnsafeFloatFieldAccessorImpl
Event: 39.236 loading class jdk/internal/reflect/UnsafeFloatFieldAccessorImpl done
Event: 39.246 loading class java/util/stream/ReferencePipeline$4
Event: 39.246 loading class java/util/stream/ReferencePipeline$4 done
Event: 39.246 loading class java/util/function/IntBinaryOperator
Event: 39.247 loading class java/util/function/IntBinaryOperator done
Event: 39.247 loading class java/util/stream/ReduceOps$7
Event: 39.247 loading class java/util/stream/ReduceOps$7 done
Event: 39.247 loading class java/util/stream/ReduceOps$6ReducingSink
Event: 39.247 loading class java/util/stream/ReduceOps$6ReducingSink done
Event: 39.247 loading class java/util/stream/ReferencePipeline$4$1
Event: 39.247 loading class java/util/stream/ReferencePipeline$4$1 done
Event: 107.250 Thread 0x00000233ea6abce0 Thread exited: 0x00000233ea6abce0
Event: 107.250 Thread 0x00000233eca23400 Thread exited: 0x00000233eca23400


Dynamic libraries:
0x00007ff756c90000 - 0x00007ff756ca0000 	C:\Program Files\Java\jdk-17\bin\java.exe
0x00007ffb763d0000 - 0x00007ffb765e7000 	C:\WINDOWS\SYSTEM32\ntdll.dll
0x00007ffb744c0000 - 0x00007ffb74584000 	C:\WINDOWS\System32\KERNEL32.DLL
0x00007ffb739f0000 - 0x00007ffb73d97000 	C:\WINDOWS\System32\KERNELBASE.dll
0x00007ffb73fb0000 - 0x00007ffb740c1000 	C:\WINDOWS\System32\ucrtbase.dll
0x00007ffb13fa0000 - 0x00007ffb13fbb000 	C:\Program Files\Java\jdk-17\bin\VCRUNTIME140.dll
0x00007ffb14010000 - 0x00007ffb14029000 	C:\Program Files\Java\jdk-17\bin\jli.dll
0x00007ffb761e0000 - 0x00007ffb76292000 	C:\WINDOWS\System32\ADVAPI32.dll
0x00007ffb74410000 - 0x00007ffb744b7000 	C:\WINDOWS\System32\msvcrt.dll
0x00007ffb746c0000 - 0x00007ffb74768000 	C:\WINDOWS\System32\sechost.dll
0x00007ffb740d0000 - 0x00007ffb740f8000 	C:\WINDOWS\System32\bcrypt.dll
0x00007ffb745a0000 - 0x00007ffb746b5000 	C:\WINDOWS\System32\RPCRT4.dll
0x00007ffb74260000 - 0x00007ffb7440e000 	C:\WINDOWS\System32\USER32.dll
0x00007ffb521c0000 - 0x00007ffb52453000 	C:\WINDOWS\WinSxS\amd64_microsoft.windows.common-controls_6595b64144ccf1df_6.0.22621.3527_none_270e469b73872a76\COMCTL32.dll
0x00007ffb73f80000 - 0x00007ffb73fa6000 	C:\WINDOWS\System32\win32u.dll
0x00007ffb74790000 - 0x00007ffb747b9000 	C:\WINDOWS\System32\GDI32.dll
0x00007ffb738d0000 - 0x00007ffb739e9000 	C:\WINDOWS\System32\gdi32full.dll
0x00007ffb736f0000 - 0x00007ffb7378a000 	C:\WINDOWS\System32\msvcp_win.dll
0x00007ffb6a600000 - 0x00007ffb6a60a000 	C:\WINDOWS\SYSTEM32\VERSION.dll
0x00007ffb747c0000 - 0x00007ffb747f1000 	C:\WINDOWS\System32\IMM32.DLL
0x00007ffb438b0000 - 0x00007ffb438bc000 	C:\Program Files\Java\jdk-17\bin\vcruntime140_1.dll
0x00007ffb13f10000 - 0x00007ffb13f9e000 	C:\Program Files\Java\jdk-17\bin\msvcp140.dll
0x00007ffb13330000 - 0x00007ffb13f0e000 	C:\Program Files\Java\jdk-17\bin\server\jvm.dll
0x00007ffb74590000 - 0x00007ffb74598000 	C:\WINDOWS\System32\PSAPI.DLL
0x00007ffb6ab60000 - 0x00007ffb6ab94000 	C:\WINDOWS\SYSTEM32\WINMM.dll
0x00007ffb45ed0000 - 0x00007ffb45ed9000 	C:\WINDOWS\SYSTEM32\WSOCK32.dll
0x00007ffb75fa0000 - 0x00007ffb76011000 	C:\WINDOWS\System32\WS2_32.dll
0x00007ffb726e0000 - 0x00007ffb726f8000 	C:\WINDOWS\SYSTEM32\kernel.appcore.dll
0x00007ffb43070000 - 0x00007ffb4307a000 	C:\Program Files\Java\jdk-17\bin\jimage.dll
0x00007ffb70ef0000 - 0x00007ffb71122000 	C:\WINDOWS\SYSTEM32\DBGHELP.DLL
0x00007ffb74f50000 - 0x00007ffb752d8000 	C:\WINDOWS\System32\combase.dll
0x00007ffb762b0000 - 0x00007ffb76387000 	C:\WINDOWS\System32\OLEAUT32.dll
0x00007ffb57e60000 - 0x00007ffb57e92000 	C:\WINDOWS\SYSTEM32\dbgcore.DLL
0x00007ffb73850000 - 0x00007ffb738c9000 	C:\WINDOWS\System32\bcryptPrimitives.dll
0x00007ffb6fc70000 - 0x00007ffb6fc7e000 	C:\Program Files\Java\jdk-17\bin\instrument.dll
0x00007ffb13300000 - 0x00007ffb13325000 	C:\Program Files\Java\jdk-17\bin\java.dll
0x00007ffb14150000 - 0x00007ffb14227000 	C:\Program Files\Java\jdk-17\bin\jsvml.dll
0x00007ffb752f0000 - 0x00007ffb75b4c000 	C:\WINDOWS\System32\SHELL32.dll
0x00007ffb715e0000 - 0x00007ffb71ed6000 	C:\WINDOWS\SYSTEM32\windows.storage.dll
0x00007ffb714a0000 - 0x00007ffb715de000 	C:\WINDOWS\SYSTEM32\wintypes.dll
0x00007ffb748b0000 - 0x00007ffb749a5000 	C:\WINDOWS\System32\SHCORE.dll
0x00007ffb75b50000 - 0x00007ffb75bae000 	C:\WINDOWS\System32\shlwapi.dll
0x00007ffb73620000 - 0x00007ffb73641000 	C:\WINDOWS\SYSTEM32\profapi.dll
0x00007ffb140f0000 - 0x00007ffb14108000 	C:\Program Files\Java\jdk-17\bin\zip.dll
0x00007ffb14130000 - 0x00007ffb14149000 	C:\Program Files\Java\jdk-17\bin\net.dll
0x00007ffb6cdb0000 - 0x00007ffb6cee6000 	C:\WINDOWS\SYSTEM32\WINHTTP.dll
0x00007ffb72b60000 - 0x00007ffb72bc9000 	C:\WINDOWS\system32\mswsock.dll
0x00007ffb14110000 - 0x00007ffb14126000 	C:\Program Files\Java\jdk-17\bin\nio.dll
0x00007ffb66460000 - 0x00007ffb6647a000 	C:\Program Files\JetBrains\IntelliJ IDEA 2023.2.3\bin\breakgen64.dll
0x00007ffb72170000 - 0x00007ffb72268000 	C:\WINDOWS\SYSTEM32\DNSAPI.dll
0x00007ffb72140000 - 0x00007ffb7216d000 	C:\WINDOWS\SYSTEM32\IPHLPAPI.DLL
0x00007ffb752e0000 - 0x00007ffb752e9000 	C:\WINDOWS\System32\NSI.dll
0x00007ffb6ad90000 - 0x00007ffb6ad9a000 	C:\Windows\System32\rasadhlp.dll
0x00007ffb6afb0000 - 0x00007ffb6b033000 	C:\WINDOWS\System32\fwpuclnt.dll
0x00007ffb6f9d0000 - 0x00007ffb6f9da000 	C:\Program Files\Java\jdk-17\bin\management.dll
0x00007ffb668b0000 - 0x00007ffb668bb000 	C:\Program Files\Java\jdk-17\bin\management_ext.dll
0x00007ffb72de0000 - 0x00007ffb72dfb000 	C:\WINDOWS\SYSTEM32\CRYPTSP.dll
0x00007ffb72640000 - 0x00007ffb72675000 	C:\WINDOWS\system32\rsaenh.dll
0x00007ffb72c80000 - 0x00007ffb72ca8000 	C:\WINDOWS\SYSTEM32\USERENV.dll
0x00007ffb72e00000 - 0x00007ffb72e0c000 	C:\WINDOWS\SYSTEM32\CRYPTBASE.dll
0x00007ffb6cc00000 - 0x00007ffb6cc19000 	C:\WINDOWS\SYSTEM32\dhcpcsvc6.DLL
0x00007ffb6cab0000 - 0x00007ffb6cacf000 	C:\WINDOWS\SYSTEM32\dhcpcsvc.DLL
0x00007ffb51fa0000 - 0x00007ffb51fb7000 	C:\WINDOWS\system32\napinsp.dll
0x00007ffb4cd10000 - 0x00007ffb4cd2b000 	C:\WINDOWS\system32\pnrpnsp.dll
0x00007ffb4ccf0000 - 0x00007ffb4cd01000 	C:\WINDOWS\System32\winrnr.dll
0x00007ffb4ccd0000 - 0x00007ffb4cce5000 	C:\WINDOWS\system32\wshbth.dll
0x00007ffb4cca0000 - 0x00007ffb4ccc7000 	C:\WINDOWS\system32\nlansp_c.dll
0x00007ffb66410000 - 0x00007ffb6641e000 	C:\Program Files\Java\jdk-17\bin\sunmscapi.dll
0x00007ffb73e10000 - 0x00007ffb73f78000 	C:\WINDOWS\System32\CRYPT32.dll
0x00007ffb72fa0000 - 0x00007ffb72fce000 	C:\WINDOWS\SYSTEM32\ncrypt.dll
0x00007ffb72f60000 - 0x00007ffb72f97000 	C:\WINDOWS\SYSTEM32\NTASN1.dll
0x00007ffb39b50000 - 0x00007ffb39b60000 	C:\Program Files\Java\jdk-17\bin\verify.dll
0x00007ffb0a3b0000 - 0x00007ffb0a3b8000 	C:\WINDOWS\system32\wshunix.dll

dbghelp: loaded successfully - version: 4.0.5 - missing functions: none
symbol engine: initialized successfully - sym options: 0x614 - pdb path: .;C:\Program Files\Java\jdk-17\bin;C:\WINDOWS\SYSTEM32;C:\WINDOWS\WinSxS\amd64_microsoft.windows.common-controls_6595b64144ccf1df_6.0.22621.3527_none_270e469b73872a76;C:\Program Files\Java\jdk-17\bin\server;C:\Program Files\JetBrains\IntelliJ IDEA 2023.2.3\bin

VM Arguments:
jvm_args: -XX:TieredStopAtLevel=1 -Dspring.output.ansi.enabled=always -Dcom.sun.management.jmxremote -Dspring.jmx.enabled=true -Dspring.liveBeansView.mbeanDomain -Dspring.application.admin.enabled=true -Dmanagement.endpoints.jmx.exposure.include=* -javaagent:C:\Program Files\JetBrains\IntelliJ IDEA 2023.2.3\lib\idea_rt.jar=50092:C:\Program Files\JetBrains\IntelliJ IDEA 2023.2.3\bin -Dfile.encoding=UTF-8 
java_command: com.example.cosmetic_springboot_api.CosmeticSpringbootApiApplication
java_class_path (initial): D:\web_java_springboot\cosmetic_springboot_api\target\classes;C:\Users\trong\.m2\repository\org\springframework\boot\spring-boot-starter-web\3.2.4\spring-boot-starter-web-3.2.4.jar;C:\Users\trong\.m2\repository\org\springframework\boot\spring-boot-starter\3.2.4\spring-boot-starter-3.2.4.jar;C:\Users\trong\.m2\repository\org\springframework\boot\spring-boot-starter-logging\3.2.4\spring-boot-starter-logging-3.2.4.jar;C:\Users\trong\.m2\repository\ch\qos\logback\logback-classic\1.4.14\logback-classic-1.4.14.jar;C:\Users\trong\.m2\repository\ch\qos\logback\logback-core\1.4.14\logback-core-1.4.14.jar;C:\Users\trong\.m2\repository\org\apache\logging\log4j\log4j-to-slf4j\2.21.1\log4j-to-slf4j-2.21.1.jar;C:\Users\trong\.m2\repository\org\apache\logging\log4j\log4j-api\2.21.1\log4j-api-2.21.1.jar;C:\Users\trong\.m2\repository\org\slf4j\jul-to-slf4j\2.0.12\jul-to-slf4j-2.0.12.jar;C:\Users\trong\.m2\repository\org\yaml\snakeyaml\2.2\snakeyaml-2.2.jar;C:\Users\trong\.m2\repository\org\springframework\boot\spring-boot-starter-json\3.2.4\spring-boot-starter-json-3.2.4.jar;C:\Users\trong\.m2\repository\com\fasterxml\jackson\datatype\jackson-datatype-jdk8\2.15.4\jackson-datatype-jdk8-2.15.4.jar;C:\Users\trong\.m2\repository\com\fasterxml\jackson\datatype\jackson-datatype-jsr310\2.15.4\jackson-datatype-jsr310-2.15.4.jar;C:\Users\trong\.m2\repository\com\fasterxml\jackson\module\jackson-module-parameter-names\2.15.4\jackson-module-parameter-names-2.15.4.jar;C:\Users\trong\.m2\repository\org\springframework\spring-web\6.1.5\spring-web-6.1.5.jar;C:\Users\trong\.m2\repository\org\springframework\spring-beans\6.1.5\spring-beans-6.1.5.jar;C:\Users\trong\.m2\repository\io\micrometer\micrometer-observation\1.12.4\micrometer-observation-1.12.4.jar;C:\Users\trong\.m2\repository\io\micrometer\micrometer-commons\1.12.4\micrometer-commons-1.12.4.jar;C:\Users\trong\.m2\repository\org\springframework\spring-webmvc\6.1.5\spring-webmvc-6.1.5.jar;C:\Users\trong\.m2\reposi
Launcher Type: SUN_STANDARD

[Global flags]
     intx CICompilerCount                          = 4                                         {product} {ergonomic}
     uint ConcGCThreads                            = 2                                         {product} {ergonomic}
     uint G1ConcRefinementThreads                  = 8                                         {product} {ergonomic}
   size_t G1HeapRegionSize                         = 1048576                                   {product} {ergonomic}
    uintx GCDrainStackTargetSize                   = 64                                        {product} {ergonomic}
   size_t InitialHeapSize                          = 130023424                                 {product} {ergonomic}
     bool ManagementServer                         = true                                      {product} {command line}
   size_t MarkStackSize                            = 4194304                                   {product} {ergonomic}
   size_t MaxHeapSize                              = 2078277632                                {product} {ergonomic}
   size_t MaxNewSize                               = 1246756864                                {product} {ergonomic}
   size_t MinHeapDeltaBytes                        = 1048576                                   {product} {ergonomic}
   size_t MinHeapSize                              = 8388608                                   {product} {ergonomic}
    uintx NonProfiledCodeHeapSize                  = 0                                      {pd product} {ergonomic}
     bool ProfileInterpreter                       = false                                  {pd product} {command line}
    uintx ProfiledCodeHeapSize                     = 0                                      {pd product} {ergonomic}
   size_t SoftMaxHeapSize                          = 2078277632                             {manageable} {ergonomic}
     intx TieredStopAtLevel                        = 1                                         {product} {command line}
     bool UseCompressedClassPointers               = true                           {product lp64_product} {ergonomic}
     bool UseCompressedOops                        = true                           {product lp64_product} {ergonomic}
     bool UseG1GC                                  = true                                      {product} {ergonomic}
     bool UseLargePagesIndividualAllocation        = false                                  {pd product} {ergonomic}

Logging:
Log output configuration:
 #0: stdout all=warning uptime,level,tags
 #1: stderr all=off uptime,level,tags

Environment Variables:
JAVA_HOME=C:\Program Files\Java\jdk-17
PATH=C:\ProgramData\Oracle\Java\javapath;C:\Program Files\Common Files\Oracle\Java\javapath;C:\Program Files (x86)\Common Files\Oracle\Java\javapath;C:\WINDOWS\system32;C:\WINDOWS;C:\WINDOWS\System32\Wbem;C:\WINDOWS\System32\WindowsPowerShell\v1.0\;C:\WINDOWS\System32\OpenSSH\;C:\Program Files\dotnet\;C:\Program Files\Azure Data Studio\bin;C:\MinGW\bin;C:\Program Files\Microsoft SQL Server\Client SDK\ODBC\170\Tools\Binn\;C:\Program Files (x86)\Microsoft SQL Server\150\Tools\Binn\;C:\Program Files\Microsoft SQL Server\150\Tools\Binn\;C:\Program Files\Microsoft SQL Server\150\DTS\Binn\;C:\Program Files\Git\cmd;C:\Users\trong\AppData\Local\Programs\Python\Python39;C:\Users\trong\AppData\Local\Programs\Python\Python39\Scripts;C:\Program Files\Java\jdk-17\bin;D:\apache-maven-3.9.3-bin\apache-maven-3.9.3\bin;C:\Program Files\Docker\Docker\resources\bin;C:\Program Files\nodejs\;C:\Program Files\PostgreSQL\16\bin;C:\Users\trong\AppData\Local\Android\Sdk\platform-tools;C:\Program Files\MySQL\MySQL Shell 8.0\bin\;C:\Users\trong\AppData\Local\Microsoft\WindowsApps;C:\Users\trong\.dotnet\tools;C:\Program Files\Azure Data Studio\bin;C:\Users\trong\AppData\Local\Programs\Python\Python39;C:\Users\trong\AppData\Local\Programs\Microsoft VS Code\bin;C:\Users\trong\AppData\Roaming\npm
USERNAME=trong
OS=Windows_NT
PROCESSOR_IDENTIFIER=Intel64 Family 6 Model 140 Stepping 1, GenuineIntel



---------------  S Y S T E M  ---------------

OS:
 Windows 11 , 64 bit Build 22621 (10.0.22621.3527)
OS uptime: 0 days 22:57 hours
Hyper-V role detected

CPU: total 8 (initial active 8) (4 cores per cpu, 2 threads per core) family 6 model 140 stepping 1 microcode 0xb4, cx8, cmov, fxsr, ht, mmx, 3dnowpref, sse, sse2, sse3, ssse3, sse4.1, sse4.2, popcnt, lzcnt, tsc, tscinvbit, avx, avx2, aes, erms, clmul, bmi1, bmi2, adx, avx512f, avx512dq, avx512cd, avx512bw, avx512vl, sha, fma, vzeroupper, avx512_vpopcntdq, avx512_vpclmulqdq, avx512_vaes, avx512_vnni, clflush, clflushopt, clwb, avx512_vbmi2, avx512_vbmi, hv

Memory: 4k page, system-wide physical 7926M (327M free)
TotalPageFile size 20117M (AvailPageFile size 0M)
current process WorkingSet (physical memory assigned to process): 165M, peak: 243M
current process commit charge ("private bytes"): 285M, peak: 285M

vm_info: Java HotSpot(TM) 64-Bit Server VM (17.0.8+9-LTS-211) for windows-amd64 JRE (17.0.8+9-LTS-211), built on Jun 14 2023 10:34:31 by "mach5one" with MS VC++ 17.1 (VS2022)

END.
